{"level":"info","time":1691422076887.1353,"msg":"","file":"D:/gopath/pkg/mod/github.com/glebarez/sqlite@v1.9.0/migrator.go:33","sql":"SELECT count(*) FROM sqlite_master WHERE type='table' AND name=\"article\"","rows":-1,"take":0.119985}
{"level":"info","time":1691422076897.826,"msg":"","file":"D:/gopath/pkg/mod/gorm.io/gorm@v1.25.2/migrator/migrator.go:281","sql":"CREATE TABLE `article` (`id` integer,`slug` varchar(150) NOT NULL,`title` varchar(250) DEFAULT \"\",`create_time` integer,`category_id` integer DEFAULT 0,`views` integer DEFAULT 0,`thumbnail` varchar(250) DEFAULT \"\",`description` varchar(250) DEFAULT \"\",PRIMARY KEY (`id`))","rows":1,"take":7.701391}
{"level":"info","time":1691422076905.8323,"msg":"","file":"D:/gopath/pkg/mod/github.com/glebarez/sqlite@v1.9.0/migrator.go:294","sql":"CREATE INDEX `idx_article_title` ON `article`(`title`)","rows":1,"take":8.124887}
{"level":"info","time":1691422076919.2937,"msg":"","file":"D:/gopath/pkg/mod/github.com/glebarez/sqlite@v1.9.0/migrator.go:294","sql":"CREATE UNIQUE INDEX `idx_article_slug` ON `article`(`slug`)","rows":1,"take":8.080265}
{"level":"info","time":1691422076921.9963,"msg":"","file":"D:/gopath/pkg/mod/github.com/glebarez/sqlite@v1.9.0/migrator.go:294","sql":"CREATE INDEX `idx_article_views` ON `article`(`views`)","rows":1,"take":8.211708}
{"level":"info","time":1691422076930.1138,"msg":"","file":"D:/gopath/pkg/mod/github.com/glebarez/sqlite@v1.9.0/migrator.go:294","sql":"CREATE INDEX `idx_article_category_id` ON `article`(`category_id`)","rows":1,"take":8.191164}
{"level":"info","time":1691422076938.4988,"msg":"","file":"D:/gopath/pkg/mod/github.com/glebarez/sqlite@v1.9.0/migrator.go:294","sql":"CREATE INDEX `idx_article_create_time` ON `article`(`create_time`)","rows":1,"take":8.351477}
{"level":"info","time":1691422076938.5674,"msg":"","file":"D:/gopath/pkg/mod/github.com/glebarez/sqlite@v1.9.0/migrator.go:33","sql":"SELECT count(*) FROM sqlite_master WHERE type='table' AND name=\"article_detail\"","rows":-1,"take":0.158326}
{"level":"info","time":1691422076948.5422,"msg":"","file":"D:/gopath/pkg/mod/gorm.io/gorm@v1.25.2/migrator/migrator.go:281","sql":"CREATE TABLE `article_detail` (`article_id` integer,`keywords` varchar(250) DEFAULT \"\",`content` text,`extends` text,PRIMARY KEY (`article_id`))","rows":1,"take":5.881795}
{"level":"info","time":1691422076948.5637,"msg":"","file":"D:/gopath/pkg/mod/github.com/glebarez/sqlite@v1.9.0/migrator.go:33","sql":"SELECT count(*) FROM sqlite_master WHERE type='table' AND name=\"category\"","rows":-1,"take":0.103854}
{"level":"info","time":1691422076959.4766,"msg":"","file":"D:/gopath/pkg/mod/gorm.io/gorm@v1.25.2/migrator/migrator.go:281","sql":"CREATE TABLE `category` (`id` integer,`parent_id` integer DEFAULT 0,`slug` varchar(150) NOT NULL,`name` varchar(150) DEFAULT \"\",`create_time` integer,`title` varchar(250) DEFAULT \"\",`keywords` varchar(250) DEFAULT \"\",`description` varchar(250) DEFAULT \"\",PRIMARY KEY (`id`))","rows":1,"take":6.667142}
{"level":"info","time":1691422076969.1194,"msg":"","file":"D:/gopath/pkg/mod/github.com/glebarez/sqlite@v1.9.0/migrator.go:294","sql":"CREATE INDEX `idx_category_name` ON `category`(`name`)","rows":1,"take":9.766735}
{"level":"info","time":1691422076978.2769,"msg":"","file":"D:/gopath/pkg/mod/github.com/glebarez/sqlite@v1.9.0/migrator.go:294","sql":"CREATE UNIQUE INDEX `idx_category_slug` ON `category`(`slug`)","rows":1,"take":9.236159}
{"level":"info","time":1691422076987.7324,"msg":"","file":"D:/gopath/pkg/mod/github.com/glebarez/sqlite@v1.9.0/migrator.go:294","sql":"CREATE INDEX `idx_category_parent_id` ON `category`(`parent_id`)","rows":1,"take":9.608311}
{"level":"info","time":1691422076987.8108,"msg":"","file":"D:/gopath/pkg/mod/github.com/glebarez/sqlite@v1.9.0/migrator.go:33","sql":"SELECT count(*) FROM sqlite_master WHERE type='table' AND name=\"tag\"","rows":-1,"take":0.103675}
{"level":"info","time":1691422076998.4524,"msg":"","file":"D:/gopath/pkg/mod/gorm.io/gorm@v1.25.2/migrator/migrator.go:281","sql":"CREATE TABLE `tag` (`id` integer,`slug` varchar(150) NOT NULL,`name` varchar(150) NOT NULL,`create_time` integer,`title` varchar(250) DEFAULT \"\",`keywords` varchar(250) DEFAULT \"\",`description` varchar(250) DEFAULT \"\",PRIMARY KEY (`id`))","rows":1,"take":6.915535}
{"level":"info","time":1691422077008.7302,"msg":"","file":"D:/gopath/pkg/mod/github.com/glebarez/sqlite@v1.9.0/migrator.go:294","sql":"CREATE UNIQUE INDEX `idx_tag_name` ON `tag`(`name`)","rows":1,"take":10.319513}
{"level":"info","time":1691422077018.276,"msg":"","file":"D:/gopath/pkg/mod/github.com/glebarez/sqlite@v1.9.0/migrator.go:294","sql":"CREATE UNIQUE INDEX `idx_tag_slug` ON `tag`(`slug`)","rows":1,"take":9.65994}
{"level":"info","time":1691422077018.3926,"msg":"","file":"D:/gopath/pkg/mod/github.com/glebarez/sqlite@v1.9.0/migrator.go:33","sql":"SELECT count(*) FROM sqlite_master WHERE type='table' AND name=\"mapping_tag\"","rows":-1,"take":0.143139}
{"level":"info","time":1691422077030.659,"msg":"","file":"D:/gopath/pkg/mod/gorm.io/gorm@v1.25.2/migrator/migrator.go:281","sql":"CREATE TABLE `mapping_tag` (`id` integer,`article_id` integer,`tag_id` integer,PRIMARY KEY (`id`))","rows":1,"take":7.986864}
{"level":"info","time":1691422077040.3667,"msg":"","file":"D:/gopath/pkg/mod/github.com/glebarez/sqlite@v1.9.0/migrator.go:294","sql":"CREATE INDEX `idx_mapping_tag_tag_id` ON `mapping_tag`(`tag_id`)","rows":1,"take":9.548909}
{"level":"info","time":1691422077049.8774,"msg":"","file":"D:/gopath/pkg/mod/github.com/glebarez/sqlite@v1.9.0/migrator.go:294","sql":"CREATE UNIQUE INDEX `idx_mapping_tag` ON `mapping_tag`(`article_id`,`tag_id`)","rows":1,"take":9.595695}
{"level":"info","time":1691422077050.0483,"msg":"","file":"D:/gopath/pkg/mod/github.com/glebarez/sqlite@v1.9.0/migrator.go:33","sql":"SELECT count(*) FROM sqlite_master WHERE type='table' AND name=\"link\"","rows":-1,"take":0.188848}
{"level":"info","time":1691422077060.583,"msg":"","file":"D:/gopath/pkg/mod/gorm.io/gorm@v1.25.2/migrator/migrator.go:281","sql":"CREATE TABLE `link` (`id` integer,`name` varchar(150) DEFAULT \"\",`url` varchar(250) DEFAULT \"\",`logo` varchar(250) DEFAULT \"\",`create_time` integer,`expire_time` integer DEFAULT 0,`note` varchar(250) DEFAULT \"\",`detect` boolean DEFAULT false,`detect_delay` integer DEFAULT 0,`status` boolean DEFAULT false,PRIMARY KEY (`id`))","rows":1,"take":6.775572}
{"level":"info","time":1691422077069.9397,"msg":"","file":"D:/gopath/pkg/mod/github.com/glebarez/sqlite@v1.9.0/migrator.go:294","sql":"CREATE INDEX `idx_link_status` ON `link`(`status`)","rows":1,"take":9.190118}
{"level":"info","time":1691422077078.9001,"msg":"","file":"D:/gopath/pkg/mod/github.com/glebarez/sqlite@v1.9.0/migrator.go:294","sql":"CREATE INDEX `idx_link_detect` ON `link`(`detect`)","rows":1,"take":9.010498}
{"level":"info","time":1691422077087.8726,"msg":"","file":"D:/gopath/pkg/mod/github.com/glebarez/sqlite@v1.9.0/migrator.go:294","sql":"CREATE INDEX `idx_link_expire_time` ON `link`(`expire_time`)","rows":1,"take":9.053872}
{"level":"info","time":1691422077096.4878,"msg":"","file":"D:/gopath/pkg/mod/github.com/glebarez/sqlite@v1.9.0/migrator.go:294","sql":"CREATE INDEX `idx_link_name` ON `link`(`name`)","rows":1,"take":8.677628}
{"level":"info","time":1691422077096.8845,"msg":"","file":"D:/gopath/pkg/mod/github.com/glebarez/sqlite@v1.9.0/migrator.go:33","sql":"SELECT count(*) FROM sqlite_master WHERE type='table' AND name=\"store\"","rows":-1,"take":0.257593}
{"level":"info","time":1691422077109.867,"msg":"","file":"D:/gopath/pkg/mod/gorm.io/gorm@v1.25.2/migrator/migrator.go:281","sql":"CREATE TABLE `store` (`id` integer,`store_create_time` integer,`slug` varchar(150) DEFAULT \"\",`title` varchar(250) DEFAULT \"\",`category_id` integer DEFAULT 0,`thumbnail` varchar(250) DEFAULT \"\",`views` integer DEFAULT 0,`description` varchar(250) DEFAULT \"\",`keywords` varchar(250) DEFAULT \"\",`content` text,`extends` text,`tags` text,`category_name` varchar(250) DEFAULT \"\",`create_time` integer,PRIMARY KEY (`id`))","rows":1,"take":7.91351}
{"level":"info","time":1691422077119.614,"msg":"","file":"D:/gopath/pkg/mod/github.com/glebarez/sqlite@v1.9.0/migrator.go:294","sql":"CREATE INDEX `idx_store_category_id` ON `store`(`category_id`)","rows":1,"take":9.82271}
{"level":"info","time":1691422077128.4758,"msg":"","file":"D:/gopath/pkg/mod/github.com/glebarez/sqlite@v1.9.0/migrator.go:294","sql":"CREATE INDEX `idx_store_title` ON `store`(`title`)","rows":1,"take":8.920376}
{"level":"info","time":1691422077138.5562,"msg":"","file":"D:/gopath/pkg/mod/github.com/glebarez/sqlite@v1.9.0/migrator.go:294","sql":"CREATE INDEX `idx_store_slug` ON `store`(`slug`)","rows":1,"take":10.143707}
{"level":"info","time":1691422077152.099,"msg":"","file":"D:/gopath/pkg/mod/github.com/glebarez/sqlite@v1.9.0/migrator.go:294","sql":"CREATE INDEX `idx_store_store_create_time` ON `store`(`store_create_time`)","rows":1,"take":13.605036}
{"level":"info","time":1691422077173.912,"msg":"","file":"D:/gopath/pkg/mod/github.com/glebarez/sqlite@v1.9.0/migrator.go:33","sql":"SELECT count(*) FROM sqlite_master WHERE type='table' AND name=\"plugin\"","rows":-1,"take":0.16207}
{"level":"info","time":1691422077186.6157,"msg":"","file":"D:/gopath/pkg/mod/gorm.io/gorm@v1.25.2/migrator/migrator.go:281","sql":"CREATE TABLE `plugin` (`id` varchar(100),`info` text,`options` text,PRIMARY KEY (`id`))","rows":1,"take":8.596531}
{"level":"info","time":1691422078296.1267,"msg":"","file":"D:/me/moss/main/domain/support/repository/plugin.go:41","sql":"SELECT `info` FROM `plugin` WHERE id = \"GenerateSlug\"","rows":0,"take":5.16231}
{"level":"info","time":1691422078297.855,"msg":"","file":"D:/me/moss/main/domain/support/repository/plugin.go:47","sql":"SELECT `options` FROM `plugin` WHERE id = \"GenerateSlug\"","rows":0,"take":1.954656}
{"level":"info","time":1691422078306.0784,"msg":"","file":"D:/me/moss/main/domain/support/repository/plugin.go:36","sql":"INSERT INTO `plugin` (`id`,`info`,`options`) VALUES (\"GenerateSlug\",\"{\\\"cron_start\\\":false,\\\"cron_exp\\\":\\\"\\\"}\",\"\") ON CONFLICT (`id`) DO UPDATE SET `info`=`excluded`.`info`","rows":1,"take":8.307146}
{"level":"info","time":1691422078313.7166,"msg":"","file":"D:/me/moss/main/domain/support/repository/plugin.go:31","sql":"INSERT INTO `plugin` (`id`,`info`,`options`) VALUES (\"GenerateSlug\",\"\",\"{\\\"article\\\":{\\\"style\\\":\\\"snowflake\\\"},\\\"category\\\":{\\\"style\\\":\\\"snowflake\\\"},\\\"tag\\\":{\\\"style\\\":\\\"snowflake\\\"}}\") ON CONFLICT (`id`) DO UPDATE SET `options`=`excluded`.`options`","rows":1,"take":7.756365}
{"level":"info","time":1691422078319.7283,"msg":"","file":"D:/me/moss/main/domain/support/repository/plugin.go:41","sql":"SELECT `info` FROM `plugin` WHERE id = \"ArticleSanitizer\"","rows":0,"take":3.560607}
{"level":"info","time":1691422078321.1758,"msg":"","file":"D:/me/moss/main/domain/support/repository/plugin.go:47","sql":"SELECT `options` FROM `plugin` WHERE id = \"ArticleSanitizer\"","rows":0,"take":1.528912}
{"level":"info","time":1691422078327.7417,"msg":"","file":"D:/me/moss/main/domain/support/repository/plugin.go:36","sql":"INSERT INTO `plugin` (`id`,`info`,`options`) VALUES (\"ArticleSanitizer\",\"{\\\"cron_start\\\":false,\\\"cron_exp\\\":\\\"\\\"}\",\"\") ON CONFLICT (`id`) DO UPDATE SET `info`=`excluded`.`info`","rows":1,"take":6.702531}
{"level":"info","time":1691422078334.278,"msg":"","file":"D:/me/moss/main/domain/support/repository/plugin.go:31","sql":"INSERT INTO `plugin` (`id`,`info`,`options`) VALUES (\"ArticleSanitizer\",\"\",\"{\\\"enable_on_create\\\":true,\\\"enable_on_update\\\":false,\\\"allow_relative_urls\\\":false,\\\"require_no_follow_on_links\\\":true,\\\"add_target_blank_to_fully_qualified_links\\\":true,\\\"remove_links\\\":false,\\\"remove_links_hold_length\\\":6}\") ON CONFLICT (`id`) DO UPDATE SET `options`=`excluded`.`options`","rows":1,"take":6.602335}
{"level":"info","time":1691422078337.2476,"msg":"","file":"D:/me/moss/main/domain/support/repository/plugin.go:41","sql":"SELECT `info` FROM `plugin` WHERE id = \"SaveArticleImages\"","rows":0,"take":3.055877}
{"level":"info","time":1691422078338.5469,"msg":"","file":"D:/me/moss/main/domain/support/repository/plugin.go:47","sql":"SELECT `options` FROM `plugin` WHERE id = \"SaveArticleImages\"","rows":0,"take":1.393992}
{"level":"info","time":1691422078343.9536,"msg":"","file":"D:/me/moss/main/domain/support/repository/plugin.go:36","sql":"INSERT INTO `plugin` (`id`,`info`,`options`) VALUES (\"SaveArticleImages\",\"{\\\"cron_start\\\":false,\\\"cron_exp\\\":\\\"\\\"}\",\"\") ON CONFLICT (`id`) DO UPDATE SET `info`=`excluded`.`info`","rows":1,"take":5.492365}
{"level":"info","time":1691422078350.0393,"msg":"","file":"D:/me/moss/main/domain/support/repository/plugin.go:31","sql":"INSERT INTO `plugin` (`id`,`info`,`options`) VALUES (\"SaveArticleImages\",\"\",\"{\\\"enable_on_create\\\":true,\\\"enable_on_update\\\":true,\\\"max_width\\\":1000,\\\"max_height\\\":2000,\\\"thumb_width\\\":230,\\\"thumb_height\\\":138,\\\"thumb_min_width\\\":100,\\\"thumb_min_height\\\":100,\\\"always_resize\\\":true,\\\"thumb_extract_focus\\\":true,\\\"remove_if_down_fail\\\":true,\\\"down_retry\\\":3,\\\"down_referer\\\":\\\"bdimg bdstatic http://www.baidu.com/\\ntoutiaoimg http://www.toutiao.com/\\\",\\\"down_proxy\\\":\\\"\\\"}\") ON CONFLICT (`id`) DO UPDATE SET `options`=`excluded`.`options`","rows":1,"take":6.129912}
{"level":"info","time":1691422078352.989,"msg":"","file":"D:/me/moss/main/domain/support/repository/plugin.go:41","sql":"SELECT `info` FROM `plugin` WHERE id = \"DetectLinks\"","rows":0,"take":3.026197}
{"level":"info","time":1691422078354.293,"msg":"","file":"D:/me/moss/main/domain/support/repository/plugin.go:47","sql":"SELECT `options` FROM `plugin` WHERE id = \"DetectLinks\"","rows":0,"take":1.386231}
{"level":"info","time":1691422078360.4949,"msg":"","file":"D:/me/moss/main/domain/support/repository/plugin.go:36","sql":"INSERT INTO `plugin` (`id`,`info`,`options`) VALUES (\"DetectLinks\",\"{\\\"cron_start\\\":true,\\\"cron_exp\\\":\\\"@every 5h\\\"}\",\"\") ON CONFLICT (`id`) DO UPDATE SET `info`=`excluded`.`info`","rows":1,"take":6.295606}
{"level":"info","time":1691422078367.4062,"msg":"","file":"D:/me/moss/main/domain/support/repository/plugin.go:31","sql":"INSERT INTO `plugin` (`id`,`info`,`options`) VALUES (\"DetectLinks\",\"\",\"{\\\"referer\\\":\\\"\\\",\\\"proxy\\\":\\\"\\\",\\\"retry\\\":2,\\\"user_agent\\\":\\\"Mozilla/5.0 (Windows NT 10.0; Win64; x64) AppleWebKit/537.36 (KHTML, like Gecko) Chrome/96.0.4664.110 Safari/537.36 Edg/96.0.1054.62\\\",\\\"timeout\\\":30}\") ON CONFLICT (`id`) DO UPDATE SET `options`=`excluded`.`options`","rows":1,"take":6.991817}
{"level":"info","time":1691422078372.8923,"msg":"","file":"D:/me/moss/main/domain/support/repository/plugin.go:41","sql":"SELECT `info` FROM `plugin` WHERE id = \"GenerateDescription\"","rows":0,"take":3.60758}
{"level":"info","time":1691422078374.1926,"msg":"","file":"D:/me/moss/main/domain/support/repository/plugin.go:47","sql":"SELECT `options` FROM `plugin` WHERE id = \"GenerateDescription\"","rows":0,"take":1.454459}
{"level":"info","time":1691422078379.6501,"msg":"","file":"D:/me/moss/main/domain/support/repository/plugin.go:36","sql":"INSERT INTO `plugin` (`id`,`info`,`options`) VALUES (\"GenerateDescription\",\"{\\\"cron_start\\\":false,\\\"cron_exp\\\":\\\"\\\"}\",\"\") ON CONFLICT (`id`) DO UPDATE SET `info`=`excluded`.`info`","rows":1,"take":5.615925}
{"level":"info","time":1691422078387.4944,"msg":"","file":"D:/me/moss/main/domain/support/repository/plugin.go:31","sql":"INSERT INTO `plugin` (`id`,`info`,`options`) VALUES (\"GenerateDescription\",\"\",\"{\\\"enable\\\":true,\\\"length\\\":150}\") ON CONFLICT (`id`) DO UPDATE SET `options`=`excluded`.`options`","rows":1,"take":7.959543}
{"level":"info","time":1691422078390.9026,"msg":"","file":"D:/me/moss/main/domain/support/repository/plugin.go:41","sql":"SELECT `info` FROM `plugin` WHERE id = \"PreBuildArticleCache\"","rows":0,"take":3.520814}
{"level":"info","time":1691422078392.6018,"msg":"","file":"D:/me/moss/main/domain/support/repository/plugin.go:47","sql":"SELECT `options` FROM `plugin` WHERE id = \"PreBuildArticleCache\"","rows":0,"take":1.83549}
{"level":"info","time":1691422078399.994,"msg":"","file":"D:/me/moss/main/domain/support/repository/plugin.go:36","sql":"INSERT INTO `plugin` (`id`,`info`,`options`) VALUES (\"PreBuildArticleCache\",\"{\\\"cron_start\\\":false,\\\"cron_exp\\\":\\\"\\\"}\",\"\") ON CONFLICT (`id`) DO UPDATE SET `info`=`excluded`.`info`","rows":1,"take":7.571088}
{"level":"info","time":1691422078407.3145,"msg":"","file":"D:/me/moss/main/domain/support/repository/plugin.go:31","sql":"INSERT INTO `plugin` (`id`,`info`,`options`) VALUES (\"PreBuildArticleCache\",\"\",\"{\\\"enable_on_create\\\":false,\\\"enable_on_update\\\":false}\") ON CONFLICT (`id`) DO UPDATE SET `options`=`excluded`.`options`","rows":1,"take":7.413345}
{"level":"info","time":1691422078410.8994,"msg":"","file":"D:/me/moss/main/domain/support/repository/plugin.go:41","sql":"SELECT `info` FROM `plugin` WHERE id = \"PushToBaidu\"","rows":0,"take":3.704985}
{"level":"info","time":1691422078412.3594,"msg":"","file":"D:/me/moss/main/domain/support/repository/plugin.go:47","sql":"SELECT `options` FROM `plugin` WHERE id = \"PushToBaidu\"","rows":0,"take":1.589386}
{"level":"info","time":1691422078417.607,"msg":"","file":"D:/me/moss/main/domain/support/repository/plugin.go:36","sql":"INSERT INTO `plugin` (`id`,`info`,`options`) VALUES (\"PushToBaidu\",\"{\\\"cron_start\\\":false,\\\"cron_exp\\\":\\\"\\\"}\",\"\") ON CONFLICT (`id`) DO UPDATE SET `info`=`excluded`.`info`","rows":1,"take":5.37527}
{"level":"info","time":1691422078424.4995,"msg":"","file":"D:/me/moss/main/domain/support/repository/plugin.go:31","sql":"INSERT INTO `plugin` (`id`,`info`,`options`) VALUES (\"PushToBaidu\",\"\",\"{\\\"enable_on_create\\\":false,\\\"enable_on_update\\\":false,\\\"api_url\\\":\\\"\\\"}\") ON CONFLICT (`id`) DO UPDATE SET `options`=`excluded`.`options`","rows":1,"take":6.760169}
{"level":"info","time":1691422078427.8474,"msg":"","file":"D:/me/moss/main/domain/support/repository/plugin.go:41","sql":"SELECT `info` FROM `plugin` WHERE id = \"MakeCarousel\"","rows":0,"take":3.488684}
{"level":"info","time":1691422078428.9492,"msg":"","file":"D:/me/moss/main/domain/support/repository/plugin.go:47","sql":"SELECT `options` FROM `plugin` WHERE id = \"MakeCarousel\"","rows":0,"take":1.249207}
{"level":"info","time":1691422078434.4834,"msg":"","file":"D:/me/moss/main/domain/support/repository/plugin.go:36","sql":"INSERT INTO `plugin` (`id`,`info`,`options`) VALUES (\"MakeCarousel\",\"{\\\"cron_start\\\":false,\\\"cron_exp\\\":\\\"@every 24h\\\"}\",\"\") ON CONFLICT (`id`) DO UPDATE SET `info`=`excluded`.`info`","rows":1,"take":5.663322}
{"level":"info","time":1691422078441.7727,"msg":"","file":"D:/me/moss/main/domain/support/repository/plugin.go:31","sql":"INSERT INTO `plugin` (`id`,`info`,`options`) VALUES (\"MakeCarousel\",\"\",\"{\\\"limit\\\":5,\\\"query_size\\\":100,\\\"min_width\\\":240,\\\"min_height\\\":150,\\\"max_height_ratio\\\":0.7,\\\"down_timeout\\\":20}\") ON CONFLICT (`id`) DO UPDATE SET `options`=`excluded`.`options`","rows":1,"take":7.388721}
{"level":"info","time":1691422078444.9792,"msg":"","file":"D:/me/moss/main/domain/support/repository/plugin.go:41","sql":"SELECT `info` FROM `plugin` WHERE id = \"PostStore\"","rows":0,"take":3.291111}
{"level":"info","time":1691422078446.3123,"msg":"","file":"D:/me/moss/main/domain/support/repository/plugin.go:47","sql":"SELECT `options` FROM `plugin` WHERE id = \"PostStore\"","rows":0,"take":1.489565}
{"level":"info","time":1691422078451.7483,"msg":"","file":"D:/me/moss/main/domain/support/repository/plugin.go:36","sql":"INSERT INTO `plugin` (`id`,`info`,`options`) VALUES (\"PostStore\",\"{\\\"cron_start\\\":false,\\\"cron_exp\\\":\\\"@every 1h\\\"}\",\"\") ON CONFLICT (`id`) DO UPDATE SET `info`=`excluded`.`info`","rows":1,"take":5.567432}
{"level":"info","time":1691422078459.6829,"msg":"","file":"D:/me/moss/main/domain/support/repository/plugin.go:31","sql":"INSERT INTO `plugin` (`id`,`info`,`options`) VALUES (\"PostStore\",\"\",\"{\\\"limit\\\":1,\\\"order\\\":1,\\\"category_ids\\\":[],\\\"delete_on_failure\\\":true}\") ON CONFLICT (`id`) DO UPDATE SET `options`=`excluded`.`options`","rows":1,"take":8.036974}
{"level":"info","time":1691422078463.2283,"msg":"","file":"D:/me/moss/main/domain/support/repository/plugin.go:41","sql":"SELECT `info` FROM `plugin` WHERE id = \"DidiAuto\"","rows":0,"take":3.658193}
{"level":"info","time":1691422078464.5803,"msg":"","file":"D:/me/moss/main/domain/support/repository/plugin.go:47","sql":"SELECT `options` FROM `plugin` WHERE id = \"DidiAuto\"","rows":0,"take":1.410384}
{"level":"info","time":1691422078471.6162,"msg":"","file":"D:/me/moss/main/domain/support/repository/plugin.go:36","sql":"INSERT INTO `plugin` (`id`,`info`,`options`) VALUES (\"DidiAuto\",\"{\\\"cron_start\\\":false,\\\"cron_exp\\\":\\\"@every 5m\\\"}\",\"\") ON CONFLICT (`id`) DO UPDATE SET `info`=`excluded`.`info`","rows":1,"take":7.238084}
{"level":"info","time":1691422078478.2341,"msg":"","file":"D:/me/moss/main/domain/support/repository/plugin.go:31","sql":"INSERT INTO `plugin` (`id`,`info`,`options`) VALUES (\"DidiAuto\",\"\",\"{\\\"site_id\\\":0,\\\"cookie\\\":\\\"\\\",\\\"detect_delay\\\":720,\\\"retry\\\":3,\\\"retry_sleep\\\":5,\\\"clear_cache_url\\\":\\\"\\\",\\\"clear_cache_sleep\\\":5}\") ON CONFLICT (`id`) DO UPDATE SET `options`=`excluded`.`options`","rows":1,"take":6.713292}
{"level":"info","time":1691422084591.2336,"msg":"","file":"D:/me/moss/main/domain/core/repository/category.go:85","sql":"/* Widget.Menu */ SELECT `category`.`id`,`category`.`parent_id`,`category`.`slug`,`category`.`name`,`category`.`create_time`,`category`.`title`,`category`.`keywords`,`category`.`description` FROM `category` LIMIT 40","rows":0,"take":17.945356}
{"level":"info","time":1691422084592.8672,"msg":"","file":"D:/me/moss/main/domain/core/repository/article.go:170","sql":"/* Widget.simpleList */ SELECT `article`.`id`,`article`.`slug`,`article`.`title`,`article`.`create_time`,`article`.`category_id`,`article`.`views`,`article`.`thumbnail`,`article`.`description` FROM `article` ORDER BY id desc LIMIT 20","rows":0,"take":1.573902}
{"level":"info","time":1691422084594.8992,"msg":"","file":"D:/me/moss/main/domain/core/repository/article.go:170","sql":"/* Widget.simpleList */ SELECT `article`.`id`,`article`.`slug`,`article`.`title`,`article`.`create_time`,`article`.`category_id`,`article`.`views`,`article`.`thumbnail`,`article`.`description` FROM `article` ORDER BY views desc LIMIT 20","rows":0,"take":1.971362}
{"level":"info","time":1691422084596.7383,"msg":"","file":"D:/me/moss/main/domain/core/repository/tag.go:85","sql":"/* Widget.TagCloud */ SELECT `tag`.`id`,`tag`.`slug`,`tag`.`name`,`tag`.`create_time`,`tag`.`title`,`tag`.`keywords`,`tag`.`description` FROM `tag` ORDER BY id asc LIMIT 15","rows":0,"take":1.948256}
{"level":"info","time":1691422084598.2944,"msg":"","file":"D:/me/moss/main/domain/core/repository/article.go:164","sql":"SELECT `id` FROM `article` ORDER BY id desc LIMIT 1","rows":0,"take":1.639632}
{"level":"info","time":1691422084600.1284,"msg":"","file":"D:/me/moss/main/domain/core/repository/link.go:79","sql":"/* Widget.Link */ SELECT `link`.`id`,`link`.`name`,`link`.`url`,`link`.`logo`,`link`.`create_time`,`link`.`expire_time`,`link`.`note`,`link`.`detect`,`link`.`detect_delay`,`link`.`status` FROM `link` WHERE status = true and (expire_time = 0 or expire_time > 1691422084)","rows":0,"take":1.689257}
{"level":"info","time":1691422200303.539,"msg":"","file":"D:/gopath/pkg/mod/gorm.io/gorm@v1.25.2/migrator/migrator.go:827","sql":"SELECT DATABASE()","rows":-1,"take":20.391388}
{"level":"info","time":1691422200305.8037,"msg":"","file":"D:/gopath/pkg/mod/gorm.io/driver/mysql@v1.4.6/migrator.go:364","sql":"SELECT SCHEMA_NAME from Information_schema.SCHEMATA where SCHEMA_NAME LIKE 'moss%' ORDER BY SCHEMA_NAME='moss' DESC,SCHEMA_NAME limit 1","rows":1,"take":0.716152}
{"level":"info","time":1691422200304.1997,"msg":"","file":"D:/gopath/pkg/mod/gorm.io/gorm@v1.25.2/migrator/migrator.go:309","sql":"SELECT SCHEMA_NAME from Information_schema.SCHEMATA where SCHEMA_NAME LIKE 'moss%' ORDER BY SCHEMA_NAME='moss' DESC,SCHEMA_NAME limit 1","rows":1,"take":0.736044}
{"level":"info","time":1691422200305.2627,"msg":"","file":"D:/gopath/pkg/mod/gorm.io/gorm@v1.25.2/migrator/migrator.go:827","sql":"SELECT DATABASE()","rows":-1,"take":0.45957}
{"level":"info","time":1691422200304.7766,"msg":"","file":"D:/gopath/pkg/mod/gorm.io/gorm@v1.25.2/migrator/migrator.go:310","sql":"SELECT count(*) FROM information_schema.tables WHERE table_schema = 'moss' AND table_name = 'article' AND table_type = 'BASE TABLE'","rows":-1,"take":0.675416}
{"level":"info","time":1691422200311.1096,"msg":"","file":"D:/gopath/pkg/mod/gorm.io/driver/mysql@v1.4.6/migrator.go:226","sql":"SELECT column_name, column_default, is_nullable = 'YES', data_type, character_maximum_length, column_type, column_key, extra, column_comment, numeric_precision, numeric_scale , datetime_precision FROM information_schema.columns WHERE table_schema = 'moss' AND table_name = 'article' ORDER BY ORDINAL_POSITION","rows":-1,"take":0.681975}
{"level":"info","time":1691422200311.216,"msg":"","file":"D:/gopath/pkg/mod/gorm.io/driver/mysql@v1.4.6/migrator.go:204","sql":"SELECT * FROM `article` LIMIT 1","rows":-1,"take":4.744456}
{"level":"info","time":1691422200311.3994,"msg":"","file":"D:/gopath/pkg/mod/gorm.io/gorm@v1.25.2/migrator/migrator.go:827","sql":"SELECT DATABASE()","rows":-1,"take":0.256684}
{"level":"info","time":1691422200311.6987,"msg":"","file":"D:/gopath/pkg/mod/gorm.io/gorm@v1.25.2/migrator/migrator.go:801","sql":"SELECT SCHEMA_NAME from Information_schema.SCHEMATA where SCHEMA_NAME LIKE 'moss%' ORDER BY SCHEMA_NAME='moss' DESC,SCHEMA_NAME limit 1","rows":1,"take":0.341195}
{"level":"info","time":1691422200317.802,"msg":"","file":"D:/gopath/pkg/mod/gorm.io/gorm@v1.25.2/migrator/migrator.go:809","sql":"SELECT count(*) FROM information_schema.statistics WHERE table_schema = 'moss' AND table_name = 'article' AND index_name = 'idx_article_slug'","rows":-1,"take":6.14562}
{"level":"info","time":1691422200317.913,"msg":"","file":"D:/gopath/pkg/mod/gorm.io/gorm@v1.25.2/migrator/migrator.go:827","sql":"SELECT DATABASE()","rows":-1,"take":0.149997}
{"level":"info","time":1691422200318.2637,"msg":"","file":"D:/gopath/pkg/mod/gorm.io/gorm@v1.25.2/migrator/migrator.go:801","sql":"SELECT SCHEMA_NAME from Information_schema.SCHEMATA where SCHEMA_NAME LIKE 'moss%' ORDER BY SCHEMA_NAME='moss' DESC,SCHEMA_NAME limit 1","rows":1,"take":0.391816}
{"level":"info","time":1691422200318.671,"msg":"","file":"D:/gopath/pkg/mod/gorm.io/gorm@v1.25.2/migrator/migrator.go:809","sql":"SELECT count(*) FROM information_schema.statistics WHERE table_schema = 'moss' AND table_name = 'article' AND index_name = 'idx_article_title'","rows":-1,"take":0.480666}
{"level":"info","time":1691422200318.805,"msg":"","file":"D:/gopath/pkg/mod/gorm.io/gorm@v1.25.2/migrator/migrator.go:827","sql":"SELECT DATABASE()","rows":-1,"take":0.214912}
{"level":"info","time":1691422200319.0898,"msg":"","file":"D:/gopath/pkg/mod/gorm.io/gorm@v1.25.2/migrator/migrator.go:801","sql":"SELECT SCHEMA_NAME from Information_schema.SCHEMATA where SCHEMA_NAME LIKE 'moss%' ORDER BY SCHEMA_NAME='moss' DESC,SCHEMA_NAME limit 1","rows":1,"take":0.330747}
{"level":"info","time":1691422200319.462,"msg":"","file":"D:/gopath/pkg/mod/gorm.io/gorm@v1.25.2/migrator/migrator.go:809","sql":"SELECT count(*) FROM information_schema.statistics WHERE table_schema = 'moss' AND table_name = 'article' AND index_name = 'idx_article_create_time'","rows":-1,"take":0.421735}
{"level":"info","time":1691422200319.566,"msg":"","file":"D:/gopath/pkg/mod/gorm.io/gorm@v1.25.2/migrator/migrator.go:827","sql":"SELECT DATABASE()","rows":-1,"take":0.149834}
{"level":"info","time":1691422200319.8826,"msg":"","file":"D:/gopath/pkg/mod/gorm.io/gorm@v1.25.2/migrator/migrator.go:801","sql":"SELECT SCHEMA_NAME from Information_schema.SCHEMATA where SCHEMA_NAME LIKE 'moss%' ORDER BY SCHEMA_NAME='moss' DESC,SCHEMA_NAME limit 1","rows":1,"take":0.353165}
{"level":"info","time":1691422200320.251,"msg":"","file":"D:/gopath/pkg/mod/gorm.io/gorm@v1.25.2/migrator/migrator.go:809","sql":"SELECT count(*) FROM information_schema.statistics WHERE table_schema = 'moss' AND table_name = 'article' AND index_name = 'idx_article_category_id'","rows":-1,"take":0.415713}
{"level":"info","time":1691422200320.3699,"msg":"","file":"D:/gopath/pkg/mod/gorm.io/gorm@v1.25.2/migrator/migrator.go:827","sql":"SELECT DATABASE()","rows":-1,"take":0.16248}
{"level":"info","time":1691422200320.6653,"msg":"","file":"D:/gopath/pkg/mod/gorm.io/gorm@v1.25.2/migrator/migrator.go:801","sql":"SELECT SCHEMA_NAME from Information_schema.SCHEMATA where SCHEMA_NAME LIKE 'moss%' ORDER BY SCHEMA_NAME='moss' DESC,SCHEMA_NAME limit 1","rows":1,"take":0.334407}
{"level":"info","time":1691422200321.059,"msg":"","file":"D:/gopath/pkg/mod/gorm.io/gorm@v1.25.2/migrator/migrator.go:809","sql":"SELECT count(*) FROM information_schema.statistics WHERE table_schema = 'moss' AND table_name = 'article' AND index_name = 'idx_article_views'","rows":-1,"take":0.442247}
{"level":"info","time":1691422200321.1714,"msg":"","file":"D:/gopath/pkg/mod/gorm.io/gorm@v1.25.2/migrator/migrator.go:827","sql":"SELECT DATABASE()","rows":-1,"take":0.161225}
{"level":"info","time":1691422200321.4314,"msg":"","file":"D:/gopath/pkg/mod/gorm.io/gorm@v1.25.2/migrator/migrator.go:309","sql":"SELECT SCHEMA_NAME from Information_schema.SCHEMATA where SCHEMA_NAME LIKE 'moss%' ORDER BY SCHEMA_NAME='moss' DESC,SCHEMA_NAME limit 1","rows":1,"take":0.265267}
{"level":"info","time":1691422200321.9448,"msg":"","file":"D:/gopath/pkg/mod/gorm.io/gorm@v1.25.2/migrator/migrator.go:310","sql":"SELECT count(*) FROM information_schema.tables WHERE table_schema = 'moss' AND table_name = 'article_detail' AND table_type = 'BASE TABLE'","rows":-1,"take":0.56583}
{"level":"info","time":1691422200322.0847,"msg":"","file":"D:/gopath/pkg/mod/gorm.io/gorm@v1.25.2/migrator/migrator.go:827","sql":"SELECT DATABASE()","rows":-1,"take":0.202996}
{"level":"info","time":1691422200322.3574,"msg":"","file":"D:/gopath/pkg/mod/gorm.io/driver/mysql@v1.4.6/migrator.go:364","sql":"SELECT SCHEMA_NAME from Information_schema.SCHEMATA where SCHEMA_NAME LIKE 'moss%' ORDER BY SCHEMA_NAME='moss' DESC,SCHEMA_NAME limit 1","rows":1,"take":0.350236}
{"level":"info","time":1691422200325.4714,"msg":"","file":"D:/gopath/pkg/mod/gorm.io/driver/mysql@v1.4.6/migrator.go:204","sql":"SELECT * FROM `article_detail` LIMIT 1","rows":-1,"take":3.186954}
{"level":"info","time":1691422200326.323,"msg":"","file":"D:/gopath/pkg/mod/gorm.io/driver/mysql@v1.4.6/migrator.go:226","sql":"SELECT column_name, column_default, is_nullable = 'YES', data_type, character_maximum_length, column_type, column_key, extra, column_comment, numeric_precision, numeric_scale , datetime_precision FROM information_schema.columns WHERE table_schema = 'moss' AND table_name = 'article_detail' ORDER BY ORDINAL_POSITION","rows":-1,"take":0.923287}
{"level":"info","time":1691422200326.5508,"msg":"","file":"D:/gopath/pkg/mod/gorm.io/gorm@v1.25.2/migrator/migrator.go:827","sql":"SELECT DATABASE()","rows":-1,"take":0.206102}
{"level":"info","time":1691422200326.8022,"msg":"","file":"D:/gopath/pkg/mod/gorm.io/gorm@v1.25.2/migrator/migrator.go:309","sql":"SELECT SCHEMA_NAME from Information_schema.SCHEMATA where SCHEMA_NAME LIKE 'moss%' ORDER BY SCHEMA_NAME='moss' DESC,SCHEMA_NAME limit 1","rows":1,"take":0.301253}
{"level":"info","time":1691422200327.2903,"msg":"","file":"D:/gopath/pkg/mod/gorm.io/gorm@v1.25.2/migrator/migrator.go:310","sql":"SELECT count(*) FROM information_schema.tables WHERE table_schema = 'moss' AND table_name = 'category' AND table_type = 'BASE TABLE'","rows":-1,"take":0.504881}
{"level":"info","time":1691422200327.3674,"msg":"","file":"D:/gopath/pkg/mod/gorm.io/gorm@v1.25.2/migrator/migrator.go:827","sql":"SELECT DATABASE()","rows":-1,"take":0.122735}
{"level":"info","time":1691422200350.9973,"msg":"","file":"D:/gopath/pkg/mod/gorm.io/gorm@v1.25.2/migrator/migrator.go:827","sql":"SELECT DATABASE()","rows":-1,"take":0.13198}
{"level":"info","time":1691422200327.8171,"msg":"","file":"D:/gopath/pkg/mod/gorm.io/driver/mysql@v1.4.6/migrator.go:364","sql":"SELECT SCHEMA_NAME from Information_schema.SCHEMATA where SCHEMA_NAME LIKE 'moss%' ORDER BY SCHEMA_NAME='moss' DESC,SCHEMA_NAME limit 1","rows":1,"take":0.468651}
{"level":"info","time":1691422200330.8599,"msg":"","file":"D:/gopath/pkg/mod/gorm.io/driver/mysql@v1.4.6/migrator.go:204","sql":"SELECT * FROM `category` LIMIT 1","rows":-1,"take":3.104855}
{"level":"info","time":1691422200331.5474,"msg":"","file":"D:/gopath/pkg/mod/gorm.io/driver/mysql@v1.4.6/migrator.go:226","sql":"SELECT column_name, column_default, is_nullable = 'YES', data_type, character_maximum_length, column_type, column_key, extra, column_comment, numeric_precision, numeric_scale , datetime_precision FROM information_schema.columns WHERE table_schema = 'moss' AND table_name = 'category' ORDER BY ORDINAL_POSITION","rows":-1,"take":0.737227}
{"level":"info","time":1691422200331.7886,"msg":"","file":"D:/gopath/pkg/mod/gorm.io/gorm@v1.25.2/migrator/migrator.go:827","sql":"SELECT DATABASE()","rows":-1,"take":0.177342}
{"level":"info","time":1691422200332.0935,"msg":"","file":"D:/gopath/pkg/mod/gorm.io/gorm@v1.25.2/migrator/migrator.go:801","sql":"SELECT SCHEMA_NAME from Information_schema.SCHEMATA where SCHEMA_NAME LIKE 'moss%' ORDER BY SCHEMA_NAME='moss' DESC,SCHEMA_NAME limit 1","rows":1,"take":0.34744}
{"level":"info","time":1691422200332.532,"msg":"","file":"D:/gopath/pkg/mod/gorm.io/gorm@v1.25.2/migrator/migrator.go:809","sql":"SELECT count(*) FROM information_schema.statistics WHERE table_schema = 'moss' AND table_name = 'category' AND index_name = 'idx_category_parent_id'","rows":-1,"take":0.48404}
{"level":"info","time":1691422200332.626,"msg":"","file":"D:/gopath/pkg/mod/gorm.io/gorm@v1.25.2/migrator/migrator.go:827","sql":"SELECT DATABASE()","rows":-1,"take":0.138572}
{"level":"info","time":1691422200333.2083,"msg":"","file":"D:/gopath/pkg/mod/gorm.io/gorm@v1.25.2/migrator/migrator.go:801","sql":"SELECT SCHEMA_NAME from Information_schema.SCHEMATA where SCHEMA_NAME LIKE 'moss%' ORDER BY SCHEMA_NAME='moss' DESC,SCHEMA_NAME limit 1","rows":1,"take":0.598247}
{"level":"info","time":1691422200333.6226,"msg":"","file":"D:/gopath/pkg/mod/gorm.io/gorm@v1.25.2/migrator/migrator.go:809","sql":"SELECT count(*) FROM information_schema.statistics WHERE table_schema = 'moss' AND table_name = 'category' AND index_name = 'idx_category_slug'","rows":-1,"take":0.46087}
{"level":"info","time":1691422200333.6685,"msg":"","file":"D:/gopath/pkg/mod/gorm.io/gorm@v1.25.2/migrator/migrator.go:827","sql":"SELECT DATABASE()","rows":-1,"take":0.121852}
{"level":"info","time":1691422200333.9973,"msg":"","file":"D:/gopath/pkg/mod/gorm.io/gorm@v1.25.2/migrator/migrator.go:801","sql":"SELECT SCHEMA_NAME from Information_schema.SCHEMATA where SCHEMA_NAME LIKE 'moss%' ORDER BY SCHEMA_NAME='moss' DESC,SCHEMA_NAME limit 1","rows":1,"take":0.331161}
{"level":"info","time":1691422200334.414,"msg":"","file":"D:/gopath/pkg/mod/gorm.io/gorm@v1.25.2/migrator/migrator.go:809","sql":"SELECT count(*) FROM information_schema.statistics WHERE table_schema = 'moss' AND table_name = 'category' AND index_name = 'idx_category_name'","rows":-1,"take":0.466815}
{"level":"info","time":1691422200334.5522,"msg":"","file":"D:/gopath/pkg/mod/gorm.io/gorm@v1.25.2/migrator/migrator.go:827","sql":"SELECT DATABASE()","rows":-1,"take":0.174339}
{"level":"info","time":1691422200334.789,"msg":"","file":"D:/gopath/pkg/mod/gorm.io/gorm@v1.25.2/migrator/migrator.go:309","sql":"SELECT SCHEMA_NAME from Information_schema.SCHEMATA where SCHEMA_NAME LIKE 'moss%' ORDER BY SCHEMA_NAME='moss' DESC,SCHEMA_NAME limit 1","rows":1,"take":0.256021}
{"level":"info","time":1691422200335.2742,"msg":"","file":"D:/gopath/pkg/mod/gorm.io/gorm@v1.25.2/migrator/migrator.go:310","sql":"SELECT count(*) FROM information_schema.tables WHERE table_schema = 'moss' AND table_name = 'tag' AND table_type = 'BASE TABLE'","rows":-1,"take":0.503229}
{"level":"info","time":1691422200335.4573,"msg":"","file":"D:/gopath/pkg/mod/gorm.io/gorm@v1.25.2/migrator/migrator.go:827","sql":"SELECT DATABASE()","rows":-1,"take":0.208423}
{"level":"info","time":1691422200335.6882,"msg":"","file":"D:/gopath/pkg/mod/gorm.io/driver/mysql@v1.4.6/migrator.go:364","sql":"SELECT SCHEMA_NAME from Information_schema.SCHEMATA where SCHEMA_NAME LIKE 'moss%' ORDER BY SCHEMA_NAME='moss' DESC,SCHEMA_NAME limit 1","rows":1,"take":0.280407}
{"level":"info","time":1691422200340.7122,"msg":"","file":"D:/gopath/pkg/mod/gorm.io/driver/mysql@v1.4.6/migrator.go:204","sql":"SELECT * FROM `tag` LIMIT 1","rows":-1,"take":5.061402}
{"level":"info","time":1691422200341.3406,"msg":"","file":"D:/gopath/pkg/mod/gorm.io/driver/mysql@v1.4.6/migrator.go:226","sql":"SELECT column_name, column_default, is_nullable = 'YES', data_type, character_maximum_length, column_type, column_key, extra, column_comment, numeric_precision, numeric_scale , datetime_precision FROM information_schema.columns WHERE table_schema = 'moss' AND table_name = 'tag' ORDER BY ORDINAL_POSITION","rows":-1,"take":0.691022}
{"level":"info","time":1691422200341.5269,"msg":"","file":"D:/gopath/pkg/mod/gorm.io/gorm@v1.25.2/migrator/migrator.go:827","sql":"SELECT DATABASE()","rows":-1,"take":0.181027}
{"level":"info","time":1691422200341.7927,"msg":"","file":"D:/gopath/pkg/mod/gorm.io/gorm@v1.25.2/migrator/migrator.go:801","sql":"SELECT SCHEMA_NAME from Information_schema.SCHEMATA where SCHEMA_NAME LIKE 'moss%' ORDER BY SCHEMA_NAME='moss' DESC,SCHEMA_NAME limit 1","rows":1,"take":0.306735}
{"level":"info","time":1691422200342.1743,"msg":"","file":"D:/gopath/pkg/mod/gorm.io/gorm@v1.25.2/migrator/migrator.go:809","sql":"SELECT count(*) FROM information_schema.statistics WHERE table_schema = 'moss' AND table_name = 'tag' AND index_name = 'idx_tag_slug'","rows":-1,"take":0.422637}
{"level":"info","time":1691422200342.2515,"msg":"","file":"D:/gopath/pkg/mod/gorm.io/gorm@v1.25.2/migrator/migrator.go:827","sql":"SELECT DATABASE()","rows":-1,"take":0.117239}
{"level":"info","time":1691422200342.5012,"msg":"","file":"D:/gopath/pkg/mod/gorm.io/gorm@v1.25.2/migrator/migrator.go:801","sql":"SELECT SCHEMA_NAME from Information_schema.SCHEMATA where SCHEMA_NAME LIKE 'moss%' ORDER BY SCHEMA_NAME='moss' DESC,SCHEMA_NAME limit 1","rows":1,"take":0.272985}
{"level":"info","time":1691422200342.9316,"msg":"","file":"D:/gopath/pkg/mod/gorm.io/gorm@v1.25.2/migrator/migrator.go:809","sql":"SELECT count(*) FROM information_schema.statistics WHERE table_schema = 'moss' AND table_name = 'tag' AND index_name = 'idx_tag_name'","rows":-1,"take":0.465017}
{"level":"info","time":1691422200343.0273,"msg":"","file":"D:/gopath/pkg/mod/gorm.io/gorm@v1.25.2/migrator/migrator.go:827","sql":"SELECT DATABASE()","rows":-1,"take":0.146439}
{"level":"info","time":1691422200343.233,"msg":"","file":"D:/gopath/pkg/mod/gorm.io/gorm@v1.25.2/migrator/migrator.go:309","sql":"SELECT SCHEMA_NAME from Information_schema.SCHEMATA where SCHEMA_NAME LIKE 'moss%' ORDER BY SCHEMA_NAME='moss' DESC,SCHEMA_NAME limit 1","rows":1,"take":0.239656}
{"level":"info","time":1691422200343.719,"msg":"","file":"D:/gopath/pkg/mod/gorm.io/gorm@v1.25.2/migrator/migrator.go:310","sql":"SELECT count(*) FROM information_schema.tables WHERE table_schema = 'moss' AND table_name = 'mapping_tag' AND table_type = 'BASE TABLE'","rows":-1,"take":0.511297}
{"level":"info","time":1691422200343.8906,"msg":"","file":"D:/gopath/pkg/mod/gorm.io/gorm@v1.25.2/migrator/migrator.go:827","sql":"SELECT DATABASE()","rows":-1,"take":0.166346}
{"level":"info","time":1691422200344.107,"msg":"","file":"D:/gopath/pkg/mod/gorm.io/driver/mysql@v1.4.6/migrator.go:364","sql":"SELECT SCHEMA_NAME from Information_schema.SCHEMATA where SCHEMA_NAME LIKE 'moss%' ORDER BY SCHEMA_NAME='moss' DESC,SCHEMA_NAME limit 1","rows":1,"take":0.310951}
{"level":"info","time":1691422200347.9736,"msg":"","file":"D:/gopath/pkg/mod/gorm.io/driver/mysql@v1.4.6/migrator.go:204","sql":"SELECT * FROM `mapping_tag` LIMIT 1","rows":-1,"take":3.912542}
{"level":"info","time":1691422200348.5303,"msg":"","file":"D:/gopath/pkg/mod/gorm.io/driver/mysql@v1.4.6/migrator.go:226","sql":"SELECT column_name, column_default, is_nullable = 'YES', data_type, character_maximum_length, column_type, column_key, extra, column_comment, numeric_precision, numeric_scale , datetime_precision FROM information_schema.columns WHERE table_schema = 'moss' AND table_name = 'mapping_tag' ORDER BY ORDINAL_POSITION","rows":-1,"take":0.609809}
{"level":"info","time":1691422200348.67,"msg":"","file":"D:/gopath/pkg/mod/gorm.io/gorm@v1.25.2/migrator/migrator.go:827","sql":"SELECT DATABASE()","rows":-1,"take":0.158717}
{"level":"info","time":1691422200349.1018,"msg":"","file":"D:/gopath/pkg/mod/gorm.io/gorm@v1.25.2/migrator/migrator.go:801","sql":"SELECT SCHEMA_NAME from Information_schema.SCHEMATA where SCHEMA_NAME LIKE 'moss%' ORDER BY SCHEMA_NAME='moss' DESC,SCHEMA_NAME limit 1","rows":1,"take":0.366241}
{"level":"info","time":1691422200349.413,"msg":"","file":"D:/gopath/pkg/mod/gorm.io/gorm@v1.25.2/migrator/migrator.go:809","sql":"SELECT count(*) FROM information_schema.statistics WHERE table_schema = 'moss' AND table_name = 'mapping_tag' AND index_name = 'idx_mapping_tag'","rows":-1,"take":0.475515}
{"level":"info","time":1691422200349.4944,"msg":"","file":"D:/gopath/pkg/mod/gorm.io/gorm@v1.25.2/migrator/migrator.go:827","sql":"SELECT DATABASE()","rows":-1,"take":0.118625}
{"level":"info","time":1691422200349.798,"msg":"","file":"D:/gopath/pkg/mod/gorm.io/gorm@v1.25.2/migrator/migrator.go:801","sql":"SELECT SCHEMA_NAME from Information_schema.SCHEMATA where SCHEMA_NAME LIKE 'moss%' ORDER BY SCHEMA_NAME='moss' DESC,SCHEMA_NAME limit 1","rows":1,"take":0.328459}
{"level":"info","time":1691422200350.1938,"msg":"","file":"D:/gopath/pkg/mod/gorm.io/gorm@v1.25.2/migrator/migrator.go:809","sql":"SELECT count(*) FROM information_schema.statistics WHERE table_schema = 'moss' AND table_name = 'mapping_tag' AND index_name = 'idx_mapping_tag_tag_id'","rows":-1,"take":0.439309}
{"level":"info","time":1691422200350.399,"msg":"","file":"D:/gopath/pkg/mod/gorm.io/gorm@v1.25.2/migrator/migrator.go:827","sql":"SELECT DATABASE()","rows":-1,"take":0.210375}
{"level":"info","time":1691422200350.586,"msg":"","file":"D:/gopath/pkg/mod/gorm.io/gorm@v1.25.2/migrator/migrator.go:309","sql":"SELECT SCHEMA_NAME from Information_schema.SCHEMATA where SCHEMA_NAME LIKE 'moss%' ORDER BY SCHEMA_NAME='moss' DESC,SCHEMA_NAME limit 1","rows":1,"take":0.236881}
{"level":"info","time":1691422200350.9038,"msg":"","file":"D:/gopath/pkg/mod/gorm.io/gorm@v1.25.2/migrator/migrator.go:310","sql":"SELECT count(*) FROM information_schema.tables WHERE table_schema = 'moss' AND table_name = 'link' AND table_type = 'BASE TABLE'","rows":-1,"take":0.333834}
{"level":"info","time":1691422200351.2388,"msg":"","file":"D:/gopath/pkg/mod/gorm.io/driver/mysql@v1.4.6/migrator.go:364","sql":"SELECT SCHEMA_NAME from Information_schema.SCHEMATA where SCHEMA_NAME LIKE 'moss%' ORDER BY SCHEMA_NAME='moss' DESC,SCHEMA_NAME limit 1","rows":1,"take":0.256673}
{"level":"info","time":1691422200355.1821,"msg":"","file":"D:/gopath/pkg/mod/gorm.io/driver/mysql@v1.4.6/migrator.go:204","sql":"SELECT * FROM `link` LIMIT 1","rows":-1,"take":3.986406}
{"level":"info","time":1691422200355.8289,"msg":"","file":"D:/gopath/pkg/mod/gorm.io/driver/mysql@v1.4.6/migrator.go:226","sql":"SELECT column_name, column_default, is_nullable = 'YES', data_type, character_maximum_length, column_type, column_key, extra, column_comment, numeric_precision, numeric_scale , datetime_precision FROM information_schema.columns WHERE table_schema = 'moss' AND table_name = 'link' ORDER BY ORDINAL_POSITION","rows":-1,"take":0.692749}
{"level":"info","time":1691422200385.4995,"msg":"","file":"D:/gopath/pkg/mod/gorm.io/driver/mysql@v1.4.6/migrator.go:58","sql":"ALTER TABLE `link` MODIFY COLUMN `detect` boolean DEFAULT false","rows":0,"take":29.662772}
{"level":"info","time":1691422200399.4658,"msg":"","file":"D:/gopath/pkg/mod/gorm.io/driver/mysql@v1.4.6/migrator.go:58","sql":"ALTER TABLE `link` MODIFY COLUMN `status` boolean DEFAULT false","rows":0,"take":14.037598}
{"level":"info","time":1691422200399.7122,"msg":"","file":"D:/gopath/pkg/mod/gorm.io/gorm@v1.25.2/migrator/migrator.go:827","sql":"SELECT DATABASE()","rows":-1,"take":0.422226}
{"level":"info","time":1691422200400.1094,"msg":"","file":"D:/gopath/pkg/mod/gorm.io/gorm@v1.25.2/migrator/migrator.go:801","sql":"SELECT SCHEMA_NAME from Information_schema.SCHEMATA where SCHEMA_NAME LIKE 'moss%' ORDER BY SCHEMA_NAME='moss' DESC,SCHEMA_NAME limit 1","rows":1,"take":0.476167}
{"level":"info","time":1691422200400.6223,"msg":"","file":"D:/gopath/pkg/mod/gorm.io/gorm@v1.25.2/migrator/migrator.go:809","sql":"SELECT count(*) FROM information_schema.statistics WHERE table_schema = 'moss' AND table_name = 'link' AND index_name = 'idx_link_status'","rows":-1,"take":0.566416}
{"level":"info","time":1691422200400.776,"msg":"","file":"D:/gopath/pkg/mod/gorm.io/gorm@v1.25.2/migrator/migrator.go:827","sql":"SELECT DATABASE()","rows":-1,"take":0.229539}
{"level":"info","time":1691422200401.037,"msg":"","file":"D:/gopath/pkg/mod/gorm.io/gorm@v1.25.2/migrator/migrator.go:801","sql":"SELECT SCHEMA_NAME from Information_schema.SCHEMATA where SCHEMA_NAME LIKE 'moss%' ORDER BY SCHEMA_NAME='moss' DESC,SCHEMA_NAME limit 1","rows":1,"take":0.344595}
{"level":"info","time":1691422200401.4712,"msg":"","file":"D:/gopath/pkg/mod/gorm.io/gorm@v1.25.2/migrator/migrator.go:809","sql":"SELECT count(*) FROM information_schema.statistics WHERE table_schema = 'moss' AND table_name = 'link' AND index_name = 'idx_link_name'","rows":-1,"take":0.477083}
{"level":"info","time":1691422200401.5754,"msg":"","file":"D:/gopath/pkg/mod/gorm.io/gorm@v1.25.2/migrator/migrator.go:827","sql":"SELECT DATABASE()","rows":-1,"take":0.202507}
{"level":"info","time":1691422200401.852,"msg":"","file":"D:/gopath/pkg/mod/gorm.io/gorm@v1.25.2/migrator/migrator.go:801","sql":"SELECT SCHEMA_NAME from Information_schema.SCHEMATA where SCHEMA_NAME LIKE 'moss%' ORDER BY SCHEMA_NAME='moss' DESC,SCHEMA_NAME limit 1","rows":1,"take":0.312255}
{"level":"info","time":1691422200402.3438,"msg":"","file":"D:/gopath/pkg/mod/gorm.io/gorm@v1.25.2/migrator/migrator.go:809","sql":"SELECT count(*) FROM information_schema.statistics WHERE table_schema = 'moss' AND table_name = 'link' AND index_name = 'idx_link_expire_time'","rows":-1,"take":0.533501}
{"level":"info","time":1691422200402.4673,"msg":"","file":"D:/gopath/pkg/mod/gorm.io/gorm@v1.25.2/migrator/migrator.go:827","sql":"SELECT DATABASE()","rows":-1,"take":0.171978}
{"level":"info","time":1691422200402.779,"msg":"","file":"D:/gopath/pkg/mod/gorm.io/gorm@v1.25.2/migrator/migrator.go:801","sql":"SELECT SCHEMA_NAME from Information_schema.SCHEMATA where SCHEMA_NAME LIKE 'moss%' ORDER BY SCHEMA_NAME='moss' DESC,SCHEMA_NAME limit 1","rows":1,"take":0.328791}
{"level":"info","time":1691422200403.1692,"msg":"","file":"D:/gopath/pkg/mod/gorm.io/gorm@v1.25.2/migrator/migrator.go:809","sql":"SELECT count(*) FROM information_schema.statistics WHERE table_schema = 'moss' AND table_name = 'link' AND index_name = 'idx_link_detect'","rows":-1,"take":0.428711}
{"level":"info","time":1691422200403.3494,"msg":"","file":"D:/gopath/pkg/mod/gorm.io/gorm@v1.25.2/migrator/migrator.go:827","sql":"SELECT DATABASE()","rows":-1,"take":0.139392}
{"level":"info","time":1691422200403.5886,"msg":"","file":"D:/gopath/pkg/mod/gorm.io/gorm@v1.25.2/migrator/migrator.go:309","sql":"SELECT SCHEMA_NAME from Information_schema.SCHEMATA where SCHEMA_NAME LIKE 'moss%' ORDER BY SCHEMA_NAME='moss' DESC,SCHEMA_NAME limit 1","rows":1,"take":0.259961}
{"level":"info","time":1691422200403.9575,"msg":"","file":"D:/gopath/pkg/mod/gorm.io/gorm@v1.25.2/migrator/migrator.go:310","sql":"SELECT count(*) FROM information_schema.tables WHERE table_schema = 'moss' AND table_name = 'store' AND table_type = 'BASE TABLE'","rows":-1,"take":0.406153}
{"level":"info","time":1691422200404.102,"msg":"","file":"D:/gopath/pkg/mod/gorm.io/gorm@v1.25.2/migrator/migrator.go:827","sql":"SELECT DATABASE()","rows":-1,"take":0.165666}
{"level":"info","time":1691422200404.367,"msg":"","file":"D:/gopath/pkg/mod/gorm.io/driver/mysql@v1.4.6/migrator.go:364","sql":"SELECT SCHEMA_NAME from Information_schema.SCHEMATA where SCHEMA_NAME LIKE 'moss%' ORDER BY SCHEMA_NAME='moss' DESC,SCHEMA_NAME limit 1","rows":1,"take":0.313403}
{"level":"info","time":1691422200407.373,"msg":"","file":"D:/gopath/pkg/mod/gorm.io/driver/mysql@v1.4.6/migrator.go:204","sql":"SELECT * FROM `store` LIMIT 1","rows":-1,"take":3.049843}
{"level":"info","time":1691422200408.8137,"msg":"","file":"D:/gopath/pkg/mod/gorm.io/driver/mysql@v1.4.6/migrator.go:226","sql":"SELECT column_name, column_default, is_nullable = 'YES', data_type, character_maximum_length, column_type, column_key, extra, column_comment, numeric_precision, numeric_scale , datetime_precision FROM information_schema.columns WHERE table_schema = 'moss' AND table_name = 'store' ORDER BY ORDINAL_POSITION","rows":-1,"take":0.780735}
{"level":"info","time":1691422200409.245,"msg":"","file":"D:/gopath/pkg/mod/gorm.io/gorm@v1.25.2/migrator/migrator.go:827","sql":"SELECT DATABASE()","rows":-1,"take":0.375547}
{"level":"info","time":1691422200409.5803,"msg":"","file":"D:/gopath/pkg/mod/gorm.io/gorm@v1.25.2/migrator/migrator.go:801","sql":"SELECT SCHEMA_NAME from Information_schema.SCHEMATA where SCHEMA_NAME LIKE 'moss%' ORDER BY SCHEMA_NAME='moss' DESC,SCHEMA_NAME limit 1","rows":1,"take":0.393367}
{"level":"info","time":1691422200409.9763,"msg":"","file":"D:/gopath/pkg/mod/gorm.io/gorm@v1.25.2/migrator/migrator.go:809","sql":"SELECT count(*) FROM information_schema.statistics WHERE table_schema = 'moss' AND table_name = 'store' AND index_name = 'idx_store_store_create_time'","rows":-1,"take":0.479551}
{"level":"info","time":1691422200410.0732,"msg":"","file":"D:/gopath/pkg/mod/gorm.io/gorm@v1.25.2/migrator/migrator.go:827","sql":"SELECT DATABASE()","rows":-1,"take":0.141671}
{"level":"info","time":1691422200410.3896,"msg":"","file":"D:/gopath/pkg/mod/gorm.io/gorm@v1.25.2/migrator/migrator.go:801","sql":"SELECT SCHEMA_NAME from Information_schema.SCHEMATA where SCHEMA_NAME LIKE 'moss%' ORDER BY SCHEMA_NAME='moss' DESC,SCHEMA_NAME limit 1","rows":1,"take":0.34765}
{"level":"info","time":1691422200410.8525,"msg":"","file":"D:/gopath/pkg/mod/gorm.io/gorm@v1.25.2/migrator/migrator.go:809","sql":"SELECT count(*) FROM information_schema.statistics WHERE table_schema = 'moss' AND table_name = 'store' AND index_name = 'idx_store_slug'","rows":-1,"take":0.465558}
{"level":"info","time":1691422200411.0146,"msg":"","file":"D:/gopath/pkg/mod/gorm.io/gorm@v1.25.2/migrator/migrator.go:827","sql":"SELECT DATABASE()","rows":-1,"take":0.250218}
{"level":"info","time":1691422200411.2288,"msg":"","file":"D:/gopath/pkg/mod/gorm.io/gorm@v1.25.2/migrator/migrator.go:801","sql":"SELECT SCHEMA_NAME from Information_schema.SCHEMATA where SCHEMA_NAME LIKE 'moss%' ORDER BY SCHEMA_NAME='moss' DESC,SCHEMA_NAME limit 1","rows":1,"take":0.311489}
{"level":"info","time":1691422200411.6404,"msg":"","file":"D:/gopath/pkg/mod/gorm.io/gorm@v1.25.2/migrator/migrator.go:809","sql":"SELECT count(*) FROM information_schema.statistics WHERE table_schema = 'moss' AND table_name = 'store' AND index_name = 'idx_store_title'","rows":-1,"take":0.454435}
{"level":"info","time":1691422200411.7468,"msg":"","file":"D:/gopath/pkg/mod/gorm.io/gorm@v1.25.2/migrator/migrator.go:827","sql":"SELECT DATABASE()","rows":-1,"take":0.204083}
{"level":"info","time":1691422200412.032,"msg":"","file":"D:/gopath/pkg/mod/gorm.io/gorm@v1.25.2/migrator/migrator.go:801","sql":"SELECT SCHEMA_NAME from Information_schema.SCHEMATA where SCHEMA_NAME LIKE 'moss%' ORDER BY SCHEMA_NAME='moss' DESC,SCHEMA_NAME limit 1","rows":1,"take":0.323702}
{"level":"info","time":1691422200412.4114,"msg":"","file":"D:/gopath/pkg/mod/gorm.io/gorm@v1.25.2/migrator/migrator.go:809","sql":"SELECT count(*) FROM information_schema.statistics WHERE table_schema = 'moss' AND table_name = 'store' AND index_name = 'idx_store_category_id'","rows":-1,"take":0.428683}
{"level":"info","time":1691422200434.9167,"msg":"","file":"D:/gopath/pkg/mod/gorm.io/gorm@v1.25.2/migrator/migrator.go:827","sql":"SELECT DATABASE()","rows":-1,"take":0.41529}
{"level":"info","time":1691422200435.2922,"msg":"","file":"D:/gopath/pkg/mod/gorm.io/gorm@v1.25.2/migrator/migrator.go:309","sql":"SELECT SCHEMA_NAME from Information_schema.SCHEMATA where SCHEMA_NAME LIKE 'moss%' ORDER BY SCHEMA_NAME='moss' DESC,SCHEMA_NAME limit 1","rows":1,"take":0.412434}
{"level":"info","time":1691422200435.8872,"msg":"","file":"D:/gopath/pkg/mod/gorm.io/gorm@v1.25.2/migrator/migrator.go:310","sql":"SELECT count(*) FROM information_schema.tables WHERE table_schema = 'moss' AND table_name = 'plugin' AND table_type = 'BASE TABLE'","rows":-1,"take":0.610427}
{"level":"info","time":1691422200436.1147,"msg":"","file":"D:/gopath/pkg/mod/gorm.io/gorm@v1.25.2/migrator/migrator.go:827","sql":"SELECT DATABASE()","rows":-1,"take":0.2639}
{"level":"info","time":1691422200436.455,"msg":"","file":"D:/gopath/pkg/mod/gorm.io/driver/mysql@v1.4.6/migrator.go:364","sql":"SELECT SCHEMA_NAME from Information_schema.SCHEMATA where SCHEMA_NAME LIKE 'moss%' ORDER BY SCHEMA_NAME='moss' DESC,SCHEMA_NAME limit 1","rows":1,"take":0.372838}
{"level":"info","time":1691422200440.6204,"msg":"","file":"D:/gopath/pkg/mod/gorm.io/driver/mysql@v1.4.6/migrator.go:204","sql":"SELECT * FROM `plugin` LIMIT 1","rows":-1,"take":4.20356}
{"level":"info","time":1691422200441.113,"msg":"","file":"D:/gopath/pkg/mod/gorm.io/driver/mysql@v1.4.6/migrator.go:226","sql":"SELECT column_name, column_default, is_nullable = 'YES', data_type, character_maximum_length, column_type, column_key, extra, column_comment, numeric_precision, numeric_scale , datetime_precision FROM information_schema.columns WHERE table_schema = 'moss' AND table_name = 'plugin' ORDER BY ORDINAL_POSITION","rows":-1,"take":0.58743}
{"level":"info","time":1691422200709.5933,"msg":"","file":"D:/me/moss/main/domain/support/repository/plugin.go:41","sql":"SELECT `info` FROM `plugin` WHERE id = 'GenerateSlug'","rows":1,"take":0.752539}
{"level":"info","time":1691422200710.155,"msg":"","file":"D:/me/moss/main/domain/support/repository/plugin.go:47","sql":"SELECT `options` FROM `plugin` WHERE id = 'GenerateSlug'","rows":1,"take":0.611894}
{"level":"info","time":1691422200711.3289,"msg":"","file":"D:/me/moss/main/domain/support/repository/plugin.go:36","sql":"INSERT INTO `plugin` (`id`,`info`,`options`) VALUES ('GenerateSlug','{\"cron_start\":false,\"cron_exp\":\"\"}','') ON DUPLICATE KEY UPDATE `info`=VALUES(`info`)","rows":0,"take":1.325258}
{"level":"info","time":1691422200712.4805,"msg":"","file":"D:/me/moss/main/domain/support/repository/plugin.go:31","sql":"INSERT INTO `plugin` (`id`,`info`,`options`) VALUES ('GenerateSlug','','{\"article\":{\"style\":\"snowflake\"},\"category\":{\"style\":\"snowflake\"},\"tag\":{\"style\":\"snowflake\"}}') ON DUPLICATE KEY UPDATE `options`=VALUES(`options`)","rows":0,"take":1.198504}
{"level":"info","time":1691422200715.1304,"msg":"","file":"D:/me/moss/main/domain/support/repository/plugin.go:41","sql":"SELECT `info` FROM `plugin` WHERE id = 'ArticleSanitizer'","rows":1,"take":0.459643}
{"level":"info","time":1691422200715.3652,"msg":"","file":"D:/me/moss/main/domain/support/repository/plugin.go:47","sql":"SELECT `options` FROM `plugin` WHERE id = 'ArticleSanitizer'","rows":1,"take":0.298335}
{"level":"info","time":1691422200715.911,"msg":"","file":"D:/me/moss/main/domain/support/repository/plugin.go:36","sql":"INSERT INTO `plugin` (`id`,`info`,`options`) VALUES ('ArticleSanitizer','{\"cron_start\":false,\"cron_exp\":\"\"}','') ON DUPLICATE KEY UPDATE `info`=VALUES(`info`)","rows":0,"take":0.592451}
{"level":"info","time":1691422200717.3613,"msg":"","file":"D:/me/moss/main/domain/support/repository/plugin.go:31","sql":"INSERT INTO `plugin` (`id`,`info`,`options`) VALUES ('ArticleSanitizer','','{\"enable_on_create\":true,\"enable_on_update\":false,\"allow_relative_urls\":false,\"require_no_follow_on_links\":true,\"add_target_blank_to_fully_qualified_links\":true,\"remove_links\":false,\"remove_links_hold_length\":6}') ON DUPLICATE KEY UPDATE `options`=VALUES(`options`)","rows":0,"take":1.544532}
{"level":"info","time":1691422200717.5767,"msg":"","file":"D:/me/moss/main/domain/support/repository/plugin.go:41","sql":"SELECT `info` FROM `plugin` WHERE id = 'SaveArticleImages'","rows":1,"take":0.259103}
{"level":"info","time":1691422200717.7908,"msg":"","file":"D:/me/moss/main/domain/support/repository/plugin.go:47","sql":"SELECT `options` FROM `plugin` WHERE id = 'SaveArticleImages'","rows":1,"take":0.257957}
{"level":"info","time":1691422200718.3691,"msg":"","file":"D:/me/moss/main/domain/support/repository/plugin.go:36","sql":"INSERT INTO `plugin` (`id`,`info`,`options`) VALUES ('SaveArticleImages','{\"cron_start\":false,\"cron_exp\":\"\"}','') ON DUPLICATE KEY UPDATE `info`=VALUES(`info`)","rows":0,"take":0.611001}
{"level":"info","time":1691422200718.9026,"msg":"","file":"D:/me/moss/main/domain/support/repository/plugin.go:31","sql":"INSERT INTO `plugin` (`id`,`info`,`options`) VALUES ('SaveArticleImages','','{\"enable_on_create\":true,\"enable_on_update\":true,\"max_width\":1000,\"max_height\":2000,\"thumb_width\":230,\"thumb_height\":138,\"thumb_min_width\":100,\"thumb_min_height\":100,\"always_resize\":true,\"thumb_extract_focus\":true,\"remove_if_down_fail\":true,\"down_retry\":3,\"down_referer\":\"bdimg bdstatic http://www.baidu.com/\\ntoutiaoimg http://www.toutiao.com/\",\"down_proxy\":\"\"}') ON DUPLICATE KEY UPDATE `options`=VALUES(`options`)","rows":0,"take":0.580219}
{"level":"info","time":1691422200719.1104,"msg":"","file":"D:/me/moss/main/domain/support/repository/plugin.go:41","sql":"SELECT `info` FROM `plugin` WHERE id = 'DetectLinks'","rows":1,"take":0.248721}
{"level":"info","time":1691422200719.2527,"msg":"","file":"D:/me/moss/main/domain/support/repository/plugin.go:47","sql":"SELECT `options` FROM `plugin` WHERE id = 'DetectLinks'","rows":1,"take":0.234825}
{"level":"info","time":1691422200719.979,"msg":"","file":"D:/me/moss/main/domain/support/repository/plugin.go:36","sql":"INSERT INTO `plugin` (`id`,`info`,`options`) VALUES ('DetectLinks','{\"cron_start\":true,\"cron_exp\":\"@every 5h\"}','') ON DUPLICATE KEY UPDATE `info`=VALUES(`info`)","rows":0,"take":0.768293}
{"level":"info","time":1691422200721.3552,"msg":"","file":"D:/me/moss/main/domain/support/repository/plugin.go:31","sql":"INSERT INTO `plugin` (`id`,`info`,`options`) VALUES ('DetectLinks','','{\"referer\":\"\",\"proxy\":\"\",\"retry\":2,\"user_agent\":\"Mozilla/5.0 (Windows NT 10.0; Win64; x64) AppleWebKit/537.36 (KHTML, like Gecko) Chrome/96.0.4664.110 Safari/537.36 Edg/96.0.1054.62\",\"timeout\":30}') ON DUPLICATE KEY UPDATE `options`=VALUES(`options`)","rows":0,"take":1.524804}
{"level":"info","time":1691422200721.5496,"msg":"","file":"D:/me/moss/main/domain/support/repository/plugin.go:41","sql":"SELECT `info` FROM `plugin` WHERE id = 'GenerateDescription'","rows":1,"take":0.363736}
{"level":"info","time":1691422200721.7097,"msg":"","file":"D:/me/moss/main/domain/support/repository/plugin.go:47","sql":"SELECT `options` FROM `plugin` WHERE id = 'GenerateDescription'","rows":1,"take":0.245507}
{"level":"info","time":1691422200722.7517,"msg":"","file":"D:/me/moss/main/domain/support/repository/plugin.go:36","sql":"INSERT INTO `plugin` (`id`,`info`,`options`) VALUES ('GenerateDescription','{\"cron_start\":false,\"cron_exp\":\"\"}','') ON DUPLICATE KEY UPDATE `info`=VALUES(`info`)","rows":0,"take":1.085611}
{"level":"info","time":1691422200723.4146,"msg":"","file":"D:/me/moss/main/domain/support/repository/plugin.go:31","sql":"INSERT INTO `plugin` (`id`,`info`,`options`) VALUES ('GenerateDescription','','{\"enable\":true,\"length\":150}') ON DUPLICATE KEY UPDATE `options`=VALUES(`options`)","rows":0,"take":0.710551}
{"level":"info","time":1691422200723.6309,"msg":"","file":"D:/me/moss/main/domain/support/repository/plugin.go:41","sql":"SELECT `info` FROM `plugin` WHERE id = 'PreBuildArticleCache'","rows":1,"take":0.273689}
{"level":"info","time":1691422200723.808,"msg":"","file":"D:/me/moss/main/domain/support/repository/plugin.go:47","sql":"SELECT `options` FROM `plugin` WHERE id = 'PreBuildArticleCache'","rows":1,"take":0.236343}
{"level":"info","time":1691422200724.5747,"msg":"","file":"D:/me/moss/main/domain/support/repository/plugin.go:36","sql":"INSERT INTO `plugin` (`id`,`info`,`options`) VALUES ('PreBuildArticleCache','{\"cron_start\":false,\"cron_exp\":\"\"}','') ON DUPLICATE KEY UPDATE `info`=VALUES(`info`)","rows":0,"take":0.81331}
{"level":"info","time":1691422200725.0747,"msg":"","file":"D:/me/moss/main/domain/support/repository/plugin.go:31","sql":"INSERT INTO `plugin` (`id`,`info`,`options`) VALUES ('PreBuildArticleCache','','{\"enable_on_create\":false,\"enable_on_update\":false}') ON DUPLICATE KEY UPDATE `options`=VALUES(`options`)","rows":0,"take":0.53917}
{"level":"info","time":1691422200725.2341,"msg":"","file":"D:/me/moss/main/domain/support/repository/plugin.go:41","sql":"SELECT `info` FROM `plugin` WHERE id = 'PushToBaidu'","rows":1,"take":0.203647}
{"level":"info","time":1691422200725.4001,"msg":"","file":"D:/me/moss/main/domain/support/repository/plugin.go:47","sql":"SELECT `options` FROM `plugin` WHERE id = 'PushToBaidu'","rows":1,"take":0.21255}
{"level":"info","time":1691422200725.8643,"msg":"","file":"D:/me/moss/main/domain/support/repository/plugin.go:36","sql":"INSERT INTO `plugin` (`id`,`info`,`options`) VALUES ('PushToBaidu','{\"cron_start\":false,\"cron_exp\":\"\"}','') ON DUPLICATE KEY UPDATE `info`=VALUES(`info`)","rows":0,"take":0.505481}
{"level":"info","time":1691422200730.0435,"msg":"","file":"D:/me/moss/main/domain/support/repository/plugin.go:47","sql":"SELECT `options` FROM `plugin` WHERE id = 'DidiAuto'","rows":1,"take":0.253352}
{"level":"info","time":1691422200726.4045,"msg":"","file":"D:/me/moss/main/domain/support/repository/plugin.go:31","sql":"INSERT INTO `plugin` (`id`,`info`,`options`) VALUES ('PushToBaidu','','{\"enable_on_create\":false,\"enable_on_update\":false,\"api_url\":\"\"}') ON DUPLICATE KEY UPDATE `options`=VALUES(`options`)","rows":0,"take":0.57572}
{"level":"info","time":1691422200726.6038,"msg":"","file":"D:/me/moss/main/domain/support/repository/plugin.go:41","sql":"SELECT `info` FROM `plugin` WHERE id = 'MakeCarousel'","rows":1,"take":0.241116}
{"level":"info","time":1691422200726.7876,"msg":"","file":"D:/me/moss/main/domain/support/repository/plugin.go:47","sql":"SELECT `options` FROM `plugin` WHERE id = 'MakeCarousel'","rows":1,"take":0.236428}
{"level":"info","time":1691422200727.4182,"msg":"","file":"D:/me/moss/main/domain/support/repository/plugin.go:36","sql":"INSERT INTO `plugin` (`id`,`info`,`options`) VALUES ('MakeCarousel','{\"cron_start\":false,\"cron_exp\":\"@every 24h\"}','') ON DUPLICATE KEY UPDATE `info`=VALUES(`info`)","rows":0,"take":0.671607}
{"level":"info","time":1691422200727.9949,"msg":"","file":"D:/me/moss/main/domain/support/repository/plugin.go:31","sql":"INSERT INTO `plugin` (`id`,`info`,`options`) VALUES ('MakeCarousel','','{\"limit\":5,\"query_size\":100,\"min_width\":240,\"min_height\":150,\"max_height_ratio\":0.7,\"down_timeout\":20}') ON DUPLICATE KEY UPDATE `options`=VALUES(`options`)","rows":0,"take":0.631639}
{"level":"info","time":1691422200728.192,"msg":"","file":"D:/me/moss/main/domain/support/repository/plugin.go:41","sql":"SELECT `info` FROM `plugin` WHERE id = 'PostStore'","rows":1,"take":0.259655}
{"level":"info","time":1691422200728.5193,"msg":"","file":"D:/me/moss/main/domain/support/repository/plugin.go:47","sql":"SELECT `options` FROM `plugin` WHERE id = 'PostStore'","rows":1,"take":0.395979}
{"level":"info","time":1691422200729.227,"msg":"","file":"D:/me/moss/main/domain/support/repository/plugin.go:36","sql":"INSERT INTO `plugin` (`id`,`info`,`options`) VALUES ('PostStore','{\"cron_start\":false,\"cron_exp\":\"@every 1h\"}','') ON DUPLICATE KEY UPDATE `info`=VALUES(`info`)","rows":0,"take":0.763935}
{"level":"info","time":1691422200729.6865,"msg":"","file":"D:/me/moss/main/domain/support/repository/plugin.go:31","sql":"INSERT INTO `plugin` (`id`,`info`,`options`) VALUES ('PostStore','','{\"limit\":1,\"order\":1,\"category_ids\":[],\"delete_on_failure\":true}') ON DUPLICATE KEY UPDATE `options`=VALUES(`options`)","rows":0,"take":0.494585}
{"level":"info","time":1691422200729.8274,"msg":"","file":"D:/me/moss/main/domain/support/repository/plugin.go:41","sql":"SELECT `info` FROM `plugin` WHERE id = 'DidiAuto'","rows":1,"take":0.182522}
{"level":"info","time":1691422200730.5884,"msg":"","file":"D:/me/moss/main/domain/support/repository/plugin.go:36","sql":"INSERT INTO `plugin` (`id`,`info`,`options`) VALUES ('DidiAuto','{\"cron_start\":false,\"cron_exp\":\"@every 5m\"}','') ON DUPLICATE KEY UPDATE `info`=VALUES(`info`)","rows":0,"take":0.63798}
{"level":"info","time":1691422200731.3687,"msg":"","file":"D:/me/moss/main/domain/support/repository/plugin.go:31","sql":"INSERT INTO `plugin` (`id`,`info`,`options`) VALUES ('DidiAuto','','{\"site_id\":0,\"cookie\":\"\",\"detect_delay\":720,\"retry\":3,\"retry_sleep\":5,\"clear_cache_url\":\"\",\"clear_cache_sleep\":5}') ON DUPLICATE KEY UPDATE `options`=VALUES(`options`)","rows":0,"take":0.828069}
{"level":"info","time":1691422205670.159,"msg":"","file":"D:/me/moss/main/domain/core/repository/category.go:85","sql":"/* Widget.Menu */ SELECT `category`.`id`,`category`.`parent_id`,`category`.`slug`,`category`.`name`,`category`.`create_time`,`category`.`title`,`category`.`keywords`,`category`.`description` FROM `category` LIMIT 40","rows":2,"take":10.124849}
{"level":"info","time":1691422205670.6365,"msg":"","file":"D:/me/moss/main/domain/core/repository/article.go:170","sql":"/* Widget.simpleList */ SELECT `article`.`id`,`article`.`slug`,`article`.`title`,`article`.`create_time`,`article`.`category_id`,`article`.`views`,`article`.`thumbnail`,`article`.`description` FROM `article` ORDER BY id desc LIMIT 20","rows":1,"take":0.404318}
{"level":"info","time":1691422205671.052,"msg":"","file":"D:/me/moss/main/domain/core/repository/article.go:170","sql":"/* Widget.simpleList */ SELECT `article`.`id`,`article`.`slug`,`article`.`title`,`article`.`create_time`,`article`.`category_id`,`article`.`views`,`article`.`thumbnail`,`article`.`description` FROM `article` ORDER BY views desc LIMIT 20","rows":1,"take":0.371609}
{"level":"info","time":1691422205671.3765,"msg":"","file":"D:/me/moss/main/domain/core/repository/tag.go:85","sql":"/* Widget.TagCloud */ SELECT `tag`.`id`,`tag`.`slug`,`tag`.`name`,`tag`.`create_time`,`tag`.`title`,`tag`.`keywords`,`tag`.`description` FROM `tag` ORDER BY id asc LIMIT 15","rows":2,"take":0.346505}
{"level":"info","time":1691422205671.646,"msg":"","file":"D:/me/moss/main/domain/core/repository/article.go:164","sql":"SELECT `id` FROM `article` ORDER BY id desc LIMIT 1","rows":1,"take":0.310399}
{"level":"info","time":1691422205673.4832,"msg":"","file":"D:/me/moss/main/domain/core/repository/article.go:182","sql":"/* aside random */ SELECT `article`.`id`,`article`.`slug`,`article`.`title`,`article`.`create_time`,`article`.`category_id`,`article`.`views`,`article`.`thumbnail`,`article`.`description` FROM `article` WHERE id in (0,0,0,1,0,0,0,0,1,1) LIMIT 10","rows":1,"take":1.873791}
{"level":"info","time":1691422205674.2817,"msg":"","file":"D:/me/moss/main/domain/core/repository/link.go:79","sql":"/* Widget.Link */ SELECT `link`.`id`,`link`.`name`,`link`.`url`,`link`.`logo`,`link`.`create_time`,`link`.`expire_time`,`link`.`note`,`link`.`detect`,`link`.`detect_delay`,`link`.`status` FROM `link` WHERE status = true and (expire_time = 0 or expire_time > 1691422205)","rows":1,"take":0.830348}
{"level":"info","time":1691422316336.1558,"msg":"","file":"D:/me/moss/main/domain/core/repository/article.go:105","sql":"SELECT `article`.`id`,`article`.`slug`,`article`.`title`,`article`.`create_time`,`article`.`category_id`,`article`.`views`,`article`.`thumbnail`,`article`.`description` FROM `article` WHERE slug = '471431916654952449'","rows":1,"take":0.983117}
{"level":"info","time":1691422316336.7239,"msg":"","file":"D:/me/moss/main/domain/core/repository/article.go:108","sql":"SELECT `article_detail`.`article_id`,`article_detail`.`keywords`,`article_detail`.`content`,`article_detail`.`extends` FROM `article_detail` WHERE article_id = 1","rows":1,"take":0.614936}
{"level":"info","time":1691422316337.737,"msg":"","file":"D:/me/moss/main/domain/core/repository/category.go:85","sql":"/* Widget.Menu */ SELECT `category`.`id`,`category`.`parent_id`,`category`.`slug`,`category`.`name`,`category`.`create_time`,`category`.`title`,`category`.`keywords`,`category`.`description` FROM `category` LIMIT 40","rows":2,"take":0.525103}
{"level":"info","time":1691422316339.4792,"msg":"","file":"D:/me/moss/main/domain/core/repository/mapping.go:52","sql":"SELECT `tag_id` FROM `mapping_tag` WHERE article_id in (1) LIMIT 10","rows":2,"take":1.775306}
{"level":"info","time":1691422316339.8162,"msg":"","file":"D:/me/moss/main/domain/core/repository/tag.go:91","sql":"SELECT `tag`.`id`,`tag`.`slug`,`tag`.`name`,`tag`.`create_time`,`tag`.`title`,`tag`.`keywords`,`tag`.`description` FROM `tag` WHERE id in (1,2)","rows":2,"take":0.364341}
{"level":"info","time":1691422316340.2358,"msg":"","file":"D:/me/moss/main/domain/core/repository/article.go:188","sql":"SELECT `article`.`id`,`article`.`slug`,`article`.`title`,`article`.`create_time`,`article`.`category_id`,`article`.`views`,`article`.`thumbnail`,`article`.`description` FROM `article` WHERE category_id = 1 LIMIT 10","rows":1,"take":0.448718}
{"level":"info","time":1691422316340.5264,"msg":"","file":"D:/me/moss/main/domain/core/repository/category.go:85","sql":"/* Widget.Breadcrumb */ SELECT `category`.`id`,`category`.`parent_id`,`category`.`slug`,`category`.`name`,`category`.`create_time`,`category`.`title`,`category`.`keywords`,`category`.`description` FROM `category` LIMIT 200","rows":2,"take":0.31438}
{"level":"info","time":1691422316340.9666,"msg":"","file":"D:/me/moss/main/domain/core/repository/mapping.go:46","sql":"SELECT `article_id` FROM `mapping_tag` WHERE tag_id in (1,2) LIMIT 15","rows":2,"take":0.443594}
{"level":"info","time":1691422316341.7986,"msg":"","file":"D:/me/moss/main/domain/core/repository/article.go:182","sql":"SELECT `article`.`id`,`article`.`slug`,`article`.`title`,`article`.`create_time`,`article`.`category_id`,`article`.`views`,`article`.`thumbnail`,`article`.`description` FROM `article` WHERE id in (1,1) ORDER BY id desc LIMIT 15","rows":1,"take":0.867549}
{"level":"info","time":1691422316341.9448,"msg":"","file":"D:/me/moss/main/domain/core/repository/article.go:170","sql":"/* Widget.simpleList */ SELECT `article`.`id`,`article`.`slug`,`article`.`title`,`article`.`create_time`,`article`.`category_id`,`article`.`views`,`article`.`thumbnail`,`article`.`description` FROM `article` ORDER BY views desc LIMIT 20","rows":1,"take":0.175109}
{"level":"info","time":1691422316342.0789,"msg":"","file":"D:/me/moss/main/domain/core/repository/tag.go:85","sql":"/* Widget.TagCloud */ SELECT `tag`.`id`,`tag`.`slug`,`tag`.`name`,`tag`.`create_time`,`tag`.`title`,`tag`.`keywords`,`tag`.`description` FROM `tag` ORDER BY id asc LIMIT 15","rows":2,"take":0.157497}
{"level":"info","time":1691422316342.2222,"msg":"","file":"D:/me/moss/main/domain/core/repository/article.go:164","sql":"SELECT `id` FROM `article` ORDER BY id desc LIMIT 1","rows":1,"take":0.168234}
{"level":"info","time":1691422316342.4443,"msg":"","file":"D:/me/moss/main/domain/core/repository/article.go:182","sql":"/* aside random */ SELECT `article`.`id`,`article`.`slug`,`article`.`title`,`article`.`create_time`,`article`.`category_id`,`article`.`views`,`article`.`thumbnail`,`article`.`description` FROM `article` WHERE id in (0,0,0,0,0,1,1,0,1,0) LIMIT 10","rows":1,"take":0.239262}
{"level":"info","time":1691422316407.7417,"msg":"","file":"D:/me/moss/main/domain/core/repository/article.go:115","sql":"UPDATE `article` SET `views`=views + 1 WHERE slug = '471431916654952449' LIMIT 1","rows":1,"take":7.807778}
{"level":"info","time":1691422318474.9355,"msg":"","file":"D:/me/moss/main/domain/core/repository/article.go:105","sql":"SELECT `article`.`id`,`article`.`slug`,`article`.`title`,`article`.`create_time`,`article`.`category_id`,`article`.`views`,`article`.`thumbnail`,`article`.`description` FROM `article` WHERE slug = '471431916654952449'","rows":1,"take":0.595747}
{"level":"info","time":1691422318475.3794,"msg":"","file":"D:/me/moss/main/domain/core/repository/article.go:108","sql":"SELECT `article_detail`.`article_id`,`article_detail`.`keywords`,`article_detail`.`content`,`article_detail`.`extends` FROM `article_detail` WHERE article_id = 1","rows":1,"take":0.478207}
{"level":"info","time":1691422318475.9272,"msg":"","file":"D:/me/moss/main/domain/core/repository/category.go:85","sql":"/* Widget.Menu */ SELECT `category`.`id`,`category`.`parent_id`,`category`.`slug`,`category`.`name`,`category`.`create_time`,`category`.`title`,`category`.`keywords`,`category`.`description` FROM `category` LIMIT 40","rows":2,"take":0.349927}
{"level":"info","time":1691422318476.3125,"msg":"","file":"D:/me/moss/main/domain/core/repository/mapping.go:52","sql":"SELECT `tag_id` FROM `mapping_tag` WHERE article_id in (1) LIMIT 10","rows":2,"take":0.435251}
{"level":"info","time":1691422318477.0874,"msg":"","file":"D:/me/moss/main/domain/core/repository/category.go:85","sql":"/* Widget.Breadcrumb */ SELECT `category`.`id`,`category`.`parent_id`,`category`.`slug`,`category`.`name`,`category`.`create_time`,`category`.`title`,`category`.`keywords`,`category`.`description` FROM `category` LIMIT 200","rows":2,"take":0.25824}
{"level":"info","time":1691422318477.66,"msg":"","file":"D:/me/moss/main/domain/core/repository/article.go:182","sql":"SELECT `article`.`id`,`article`.`slug`,`article`.`title`,`article`.`create_time`,`article`.`category_id`,`article`.`views`,`article`.`thumbnail`,`article`.`description` FROM `article` WHERE id in (1,1) ORDER BY id desc LIMIT 15","rows":1,"take":0.379973}
{"level":"info","time":1691422318476.595,"msg":"","file":"D:/me/moss/main/domain/core/repository/tag.go:91","sql":"SELECT `tag`.`id`,`tag`.`slug`,`tag`.`name`,`tag`.`create_time`,`tag`.`title`,`tag`.`keywords`,`tag`.`description` FROM `tag` WHERE id in (1,2)","rows":2,"take":0.367314}
{"level":"info","time":1691422318476.8628,"msg":"","file":"D:/me/moss/main/domain/core/repository/article.go:188","sql":"SELECT `article`.`id`,`article`.`slug`,`article`.`title`,`article`.`create_time`,`article`.`category_id`,`article`.`views`,`article`.`thumbnail`,`article`.`description` FROM `article` WHERE category_id = 1 LIMIT 10","rows":1,"take":0.30928}
{"level":"info","time":1691422318477.3645,"msg":"","file":"D:/me/moss/main/domain/core/repository/mapping.go:46","sql":"SELECT `article_id` FROM `mapping_tag` WHERE tag_id in (1,2) LIMIT 15","rows":2,"take":0.311711}
{"level":"info","time":1691422318477.9282,"msg":"","file":"D:/me/moss/main/domain/core/repository/article.go:170","sql":"/* Widget.simpleList */ SELECT `article`.`id`,`article`.`slug`,`article`.`title`,`article`.`create_time`,`article`.`category_id`,`article`.`views`,`article`.`thumbnail`,`article`.`description` FROM `article` ORDER BY views desc LIMIT 20","rows":1,"take":0.306686}
{"level":"info","time":1691422318478.1218,"msg":"","file":"D:/me/moss/main/domain/core/repository/tag.go:85","sql":"/* Widget.TagCloud */ SELECT `tag`.`id`,`tag`.`slug`,`tag`.`name`,`tag`.`create_time`,`tag`.`title`,`tag`.`keywords`,`tag`.`description` FROM `tag` ORDER BY id asc LIMIT 15","rows":2,"take":0.223442}
{"level":"info","time":1691422318478.266,"msg":"","file":"D:/me/moss/main/domain/core/repository/article.go:164","sql":"SELECT `id` FROM `article` ORDER BY id desc LIMIT 1","rows":1,"take":0.184472}
{"level":"info","time":1691422318478.4985,"msg":"","file":"D:/me/moss/main/domain/core/repository/article.go:182","sql":"/* aside random */ SELECT `article`.`id`,`article`.`slug`,`article`.`title`,`article`.`create_time`,`article`.`category_id`,`article`.`views`,`article`.`thumbnail`,`article`.`description` FROM `article` WHERE id in (0,0,1,0,0,1,1,1,1,0) LIMIT 10","rows":1,"take":0.263851}
{"level":"info","time":1691422320976.276,"msg":"","file":"D:/me/moss/main/domain/core/repository/category.go:85","sql":"/* Widget.Menu */ SELECT `category`.`id`,`category`.`parent_id`,`category`.`slug`,`category`.`name`,`category`.`create_time`,`category`.`title`,`category`.`keywords`,`category`.`description` FROM `category` LIMIT 40","rows":2,"take":1.117173}
{"level":"info","time":1691422320977.2703,"msg":"","file":"D:/me/moss/main/domain/core/repository/article.go:170","sql":"/* Widget.simpleList */ SELECT `article`.`id`,`article`.`slug`,`article`.`title`,`article`.`create_time`,`article`.`category_id`,`article`.`views`,`article`.`thumbnail`,`article`.`description` FROM `article` ORDER BY id desc LIMIT 20","rows":1,"take":1.138292}
{"level":"info","time":1691422320978.283,"msg":"","file":"D:/me/moss/main/domain/core/repository/article.go:170","sql":"/* Widget.simpleList */ SELECT `article`.`id`,`article`.`slug`,`article`.`title`,`article`.`create_time`,`article`.`category_id`,`article`.`views`,`article`.`thumbnail`,`article`.`description` FROM `article` ORDER BY views desc LIMIT 20","rows":1,"take":1.071145}
{"level":"info","time":1691422320978.984,"msg":"","file":"D:/me/moss/main/domain/core/repository/tag.go:85","sql":"/* Widget.TagCloud */ SELECT `tag`.`id`,`tag`.`slug`,`tag`.`name`,`tag`.`create_time`,`tag`.`title`,`tag`.`keywords`,`tag`.`description` FROM `tag` ORDER BY id asc LIMIT 15","rows":2,"take":0.769887}
{"level":"info","time":1691422320980.0703,"msg":"","file":"D:/me/moss/main/domain/core/repository/article.go:164","sql":"SELECT `id` FROM `article` ORDER BY id desc LIMIT 1","rows":1,"take":0.804565}
{"level":"info","time":1691422320980.699,"msg":"","file":"D:/me/moss/main/domain/core/repository/article.go:182","sql":"/* aside random */ SELECT `article`.`id`,`article`.`slug`,`article`.`title`,`article`.`create_time`,`article`.`category_id`,`article`.`views`,`article`.`thumbnail`,`article`.`description` FROM `article` WHERE id in (0,0,0,1,0,0,1,0,0,1) LIMIT 10","rows":1,"take":0.708975}
{"level":"info","time":1691422320981.74,"msg":"","file":"D:/me/moss/main/domain/core/repository/link.go:79","sql":"/* Widget.Link */ SELECT `link`.`id`,`link`.`name`,`link`.`url`,`link`.`logo`,`link`.`create_time`,`link`.`expire_time`,`link`.`note`,`link`.`detect`,`link`.`detect_delay`,`link`.`status` FROM `link` WHERE status = true and (expire_time = 0 or expire_time > 1691422320)","rows":1,"take":1.107501}
